#
# A fatal error has been detected by the Java Runtime Environment:
#
#  Internal Error (method.cpp:1857), pid=1672, tid=16812
#  fatal error: no original bytecode found in Esercizio1.main([Ljava/lang/String;)V at bci 22
#
# JRE version: OpenJDK Runtime Environment Temurin-21.0.3+9 (21.0.3+9) (build 21.0.3+9-LTS)
# Java VM: OpenJDK 64-Bit Server VM Temurin-21.0.3+9 (21.0.3+9-LTS, mixed mode, sharing, tiered, compressed oops, compressed class ptrs, g1 gc, windows-amd64)
# No core dump will be written. Minidumps are not enabled by default on client versions of Windows
#
# If you would like to submit a bug report, please visit:
#   https://github.com/adoptium/adoptium-support/issues
#

---------------  S U M M A R Y ------------

Command Line: -agentlib:jdwp=transport=dt_socket,address=127.0.0.1:50417,suspend=y,server=n -javaagent:C:\Users\patal\AppData\Local\JetBrains\IdeaIC2024.1\captureAgent\debugger-agent.jar -Dfile.encoding=UTF-8 -Dsun.stdout.encoding=UTF-8 -Dsun.stderr.encoding=UTF-8 Esercizio1

Host: AMD Ryzen 7 5800X3D 8-Core Processor           , 16 cores, 31G,  Windows 11 , 64 bit Build 22621 (10.0.22621.3527)
Time: Mon May 27 13:48:17 2024 ora legale Europa occidentale elapsed time: 3.918716 seconds (0d 0h 0m 3s)

---------------  T H R E A D  ---------------

Current thread (0x000001f7155310e0):  JavaThread "main"             [_thread_in_vm, id=16812, stack(0x000000b1b7200000,0x000000b1b7300000) (1024K)]

Stack: [0x000000b1b7200000,0x000000b1b7300000]
Native frames: (J=compiled Java code, j=interpreted, Vv=VM code, C=native code)
V  [jvm.dll+0x6c8699]
V  [jvm.dll+0x8a2061]
V  [jvm.dll+0x8a458e]
V  [jvm.dll+0x27e261]
V  [jvm.dll+0x67a023]
V  [jvm.dll+0x3d1e94]
C  0x000001f7272182ab

The last pc belongs to breakpoint (printed below).
Java frames: (J=compiled Java code, j=interpreted, Vv=VM code)
j  Esercizio1.main([Ljava/lang/String;)V+22
v  ~StubRoutines::call_stub 0x000001f7271f100d
breakpoint  202 breakpoint  [0x000001f727218220, 0x000001f727218518]  760 bytes
[MachCode]
  0x000001f727218220: 4883 ec08 | c5fa 1104 | 24eb 1f48 | 83ec 10c5 | fb11 0424 | eb14 4883 | ec10 4889 | 0424 48c7 
  0x000001f727218240: 4424 0800 | 0000 00eb | 0150 488b | 55e8 e805 | 0000 00e9 | 5001 0000 | 4d8b c548 | 8d44 2408 
  0x000001f727218260: 4c89 6dc0 | 498b cfc5 | f877 4989 | afa8 0300 | 0049 8987 | 9803 0000 | 4883 ec20 | 40f6 c40f 
  0x000001f727218280: 0f84 1900 | 0000 4883 | ec08 48b8 | 601e 78a0 | fe7f 0000 | ffd0 4883 | c408 e90c | 0000 0048 
  0x000001f7272182a0: b860 1e78 | a0fe 7f00 | 00ff d048 | 83c4 2049 | c787 9803 | 0000 0000 | 0000 49c7 | 87a8 0300 
  0x000001f7272182c0: 0000 0000 | 0049 c787 | a003 0000 | 0000 0000 | c5f8 7741 | 8b8f 2c05 | 0000 f6c1 | 010f 8442 
  0x000001f7272182e0: 0000 00f6 | c102 0f85 | 3900 0000 | 4883 ec20 | 40f6 c40f | 0f84 1900 | 0000 4883 | ec08 48b8 
  0x000001f727218300: 20e5 77a0 | fe7f 0000 | ffd0 4883 | c408 e90c | 0000 0048 | b820 e577 | a0fe 7f00 | 00ff d048 
  0x000001f727218320: 83c4 20ff | e049 8b8f | d805 0000 | 4885 c90f | 8455 0000 | 008b 899c | 0000 0083 | f901 0f85 
  0x000001f727218340: 4600 0000 | 498b 8fd8 | 0500 008b | 89a0 0000 | 0048 83ec | 2040 f6c4 | 0f0f 8419 | 0000 0048 
  0x000001f727218360: 83ec 0848 | b810 e577 | a0fe 7f00 | 00ff d048 | 83c4 08e9 | 0c00 0000 | 48b8 10e5 | 77a0 fe7f 
  0x000001f727218380: 0000 ffd0 | 4883 c420 | ffe0 4983 | 7f08 000f | 8405 0000 | 00e9 668b | fdff 4c8b | 6dc0 4c8b 
  0x000001f7272183a0: 75c8 4e8d | 74f5 00c3 | 488b d848 | 8b55 e8e8 | 0500 0000 | e950 0100 | 004d 8bc5 | 488d 4424 
  0x000001f7272183c0: 084c 896d | c049 8bcf | c5f8 7749 | 89af a803 | 0000 4989 | 8798 0300 | 0048 83ec | 2040 f6c4 
  0x000001f7272183e0: 0f0f 8419 | 0000 0048 | 83ec 0848 | b870 0778 | a0fe 7f00 | 00ff d048 | 83c4 08e9 | 0c00 0000 
  0x000001f727218400: 48b8 7007 | 78a0 fe7f | 0000 ffd0 | 4883 c420 | 49c7 8798 | 0300 0000 | 0000 0049 | c787 a803 
  0x000001f727218420: 0000 0000 | 0000 49c7 | 87a0 0300 | 0000 0000 | 00c5 f877 | 418b 8f2c | 0500 00f6 | c101 0f84 
  0x000001f727218440: 4200 0000 | f6c1 020f | 8539 0000 | 0048 83ec | 2040 f6c4 | 0f0f 8419 | 0000 0048 | 83ec 0848 
  0x000001f727218460: b820 e577 | a0fe 7f00 | 00ff d048 | 83c4 08e9 | 0c00 0000 | 48b8 20e5 | 77a0 fe7f | 0000 ffd0 
  0x000001f727218480: 4883 c420 | ffe0 498b | 8fd8 0500 | 0048 85c9 | 0f84 5500 | 0000 8b89 | 9c00 0000 | 83f9 010f 
  0x000001f7272184a0: 8546 0000 | 0049 8b8f | d805 0000 | 8b89 a000 | 0000 4883 | ec20 40f6 | c40f 0f84 | 1900 0000 
  0x000001f7272184c0: 4883 ec08 | 48b8 10e5 | 77a0 fe7f | 0000 ffd0 | 4883 c408 | e90c 0000 | 0048 b810 | e577 a0fe 
  0x000001f7272184e0: 7f00 00ff | d048 83c4 | 20ff e049 | 837f 0800 | 0f84 0500 | 0000 e905 | 8afd ff4c | 8b6d c04c 
  0x000001f727218500: 8b75 c84e | 8d74 f500 | c349 ba20 | b306 a1fe | 7f00 0041 | ff24 da90 
[/MachCode]

---------------  P R O C E S S  ---------------

Threads class SMR info:
_java_thread_list=0x000001f73c97c1f0, length=16, elements={
0x000001f7155310e0, 0x000001f73c7a54d0, 0x000001f73c7a6130, 0x000001f73c7a87c0,
0x000001f73c7abad0, 0x000001f73c7ac530, 0x000001f73c7ad0c0, 0x000001f73c7bded0,
0x000001f73c7debe0, 0x000001f73c8ef140, 0x000001f73c8f3f30, 0x000001f73c8f5410,
0x000001f73c97af80, 0x000001f73c9938a0, 0x000001f73c9945f0, 0x000001f73cb68890
}

Java Threads: ( => current thread )
=>0x000001f7155310e0 JavaThread "main"                              [_thread_in_vm, id=16812, stack(0x000000b1b7200000,0x000000b1b7300000) (1024K)]
  0x000001f73c7a54d0 JavaThread "Reference Handler"          daemon [_thread_blocked, id=17764, stack(0x000000b1b7a00000,0x000000b1b7b00000) (1024K)]
  0x000001f73c7a6130 JavaThread "Finalizer"                  daemon [_thread_blocked, id=10116, stack(0x000000b1b7b00000,0x000000b1b7c00000) (1024K)]
  0x000001f73c7a87c0 JavaThread "Signal Dispatcher"          daemon [_thread_blocked, id=1252, stack(0x000000b1b7c00000,0x000000b1b7d00000) (1024K)]
  0x000001f73c7abad0 JavaThread "Attach Listener"            daemon [_thread_blocked, id=21156, stack(0x000000b1b7d00000,0x000000b1b7e00000) (1024K)]
  0x000001f73c7ac530 JavaThread "Service Thread"             daemon [_thread_blocked, id=2236, stack(0x000000b1b7e00000,0x000000b1b7f00000) (1024K)]
  0x000001f73c7ad0c0 JavaThread "Monitor Deflation Thread"   daemon [_thread_blocked, id=1260, stack(0x000000b1b7f00000,0x000000b1b8000000) (1024K)]
  0x000001f73c7bded0 JavaThread "C2 CompilerThread0"         daemon [_thread_blocked, id=12444, stack(0x000000b1b8000000,0x000000b1b8100000) (1024K)]
  0x000001f73c7debe0 JavaThread "C1 CompilerThread0"         daemon [_thread_blocked, id=12132, stack(0x000000b1b8100000,0x000000b1b8200000) (1024K)]
  0x000001f73c8ef140 JavaThread "Common-Cleaner"             daemon [_thread_blocked, id=9988, stack(0x000000b1b8200000,0x000000b1b8300000) (1024K)]
  0x000001f73c8f3f30 JavaThread "C1 CompilerThread1"         daemon [_thread_blocked, id=2180, stack(0x000000b1b8300000,0x000000b1b8400000) (1024K)]
  0x000001f73c8f5410 JavaThread "C1 CompilerThread2"         daemon [_thread_blocked, id=18752, stack(0x000000b1b8400000,0x000000b1b8500000) (1024K)]
  0x000001f73c97af80 JavaThread "C2 CompilerThread1"         daemon [_thread_blocked, id=8812, stack(0x000000b1b8500000,0x000000b1b8600000) (1024K)]
  0x000001f73c9938a0 JavaThread "JDWP Transport Listener: dt_socket" daemon [_thread_blocked, id=20308, stack(0x000000b1b8600000,0x000000b1b8700000) (1024K)]
  0x000001f73c9945f0 JavaThread "JDWP Event Helper Thread"   daemon [_thread_blocked, id=18328, stack(0x000000b1b8700000,0x000000b1b8800000) (1024K)]
  0x000001f73cb68890 JavaThread "Notification Thread"        daemon [_thread_blocked, id=1924, stack(0x000000b1b8900000,0x000000b1b8a00000) (1024K)]
Total: 16

Other Threads:
  0x000001f71550c6a0 VMThread "VM Thread"                           [id=1908, stack(0x000000b1b7900000,0x000000b1b7a00000) (1024K)] _threads_hazard_ptr=0x000001f73c97c1f0
  0x000001f73ba8bd20 WatcherThread "VM Periodic Task Thread"        [id=956, stack(0x000000b1b7800000,0x000000b1b7900000) (1024K)]
  0x000001f71550bf60 WorkerThread "GC Thread#0"                     [id=1880, stack(0x000000b1b7300000,0x000000b1b7400000) (1024K)]
  0x000001f7177822d0 ConcurrentGCThread "G1 Main Marker"            [id=17860, stack(0x000000b1b7400000,0x000000b1b7500000) (1024K)]
  0x000001f71550c300 WorkerThread "G1 Conc#0"                       [id=21560, stack(0x000000b1b7500000,0x000000b1b7600000) (1024K)]
  0x000001f73b94eaa0 ConcurrentGCThread "G1 Refine#0"               [id=19124, stack(0x000000b1b7600000,0x000000b1b7700000) (1024K)]
  0x000001f73b94f610 ConcurrentGCThread "G1 Service"                [id=20336, stack(0x000000b1b7700000,0x000000b1b7800000) (1024K)]
Total: 7

Threads with active compile tasks:
Total: 0

VM state: synchronizing (normal execution)

VM Mutex/Monitor currently owned by a thread:  ([mutex/lock_event])
[0x00007ffea1052128] Threads_lock - owner thread: 0x000001f71550c6a0

Heap address: 0x0000000601800000, size: 8168 MB, Compressed Oops mode: Zero based, Oop shift amount: 3

CDS archive(s) mapped at: [0x000001f73d000000-0x000001f73dc90000-0x000001f73dc90000), size 13172736, SharedBaseAddress: 0x000001f73d000000, ArchiveRelocationMode: 1.
Compressed class space mapped at: 0x000001f73e000000-0x000001f77e000000, reserved size: 1073741824
Narrow klass base: 0x000001f73d000000, Narrow klass shift: 0, Narrow klass range: 0x100000000

GC Precious Log:
 CardTable entry size: 512
 Card Set container configuration: InlinePtr #cards 4 size 8 Array Of Cards #cards 32 size 80 Howl #buckets 8 coarsen threshold 7372 Howl Bitmap #cards 1024 size 144 coarsen threshold 921 Card regions per heap region 1 cards per card region 8192
 CPUs: 16 total, 16 available
 Memory: 32671M
 Large Page Support: Disabled
 NUMA Support: Disabled
 Compressed Oops: Enabled (Zero based)
 Heap Region Size: 4M
 Heap Min Capacity: 8M
 Heap Initial Capacity: 512M
 Heap Max Capacity: 8168M
 Pre-touch: Disabled
 Parallel Workers: 13
 Concurrent Workers: 3
 Concurrent Refinement Workers: 13
 Periodic GC: Disabled

Heap:
 garbage-first heap   total 524288K, used 4096K [0x0000000601800000, 0x0000000800000000)
  region size 4096K, 2 young (8192K), 0 survivors (0K)
 Metaspace       used 483K, committed 640K, reserved 1114112K
  class space    used 27K, committed 128K, reserved 1048576K

Heap Regions: E=young(eden), S=young(survivor), O=old, HS=humongous(starts), HC=humongous(continues), CS=collection set, F=free, TAMS=top-at-mark-start, PB=parsable bottom
|   0|0x0000000601800000, 0x0000000601800000, 0x0000000601c00000|  0%| F|  |TAMS 0x0000000601800000| PB 0x0000000601800000| Untracked 
|   1|0x0000000601c00000, 0x0000000601c00000, 0x0000000602000000|  0%| F|  |TAMS 0x0000000601c00000| PB 0x0000000601c00000| Untracked 
|   2|0x0000000602000000, 0x0000000602000000, 0x0000000602400000|  0%| F|  |TAMS 0x0000000602000000| PB 0x0000000602000000| Untracked 
|   3|0x0000000602400000, 0x0000000602400000, 0x0000000602800000|  0%| F|  |TAMS 0x0000000602400000| PB 0x0000000602400000| Untracked 
|   4|0x0000000602800000, 0x0000000602800000, 0x0000000602c00000|  0%| F|  |TAMS 0x0000000602800000| PB 0x0000000602800000| Untracked 
|   5|0x0000000602c00000, 0x0000000602c00000, 0x0000000603000000|  0%| F|  |TAMS 0x0000000602c00000| PB 0x0000000602c00000| Untracked 
|   6|0x0000000603000000, 0x0000000603000000, 0x0000000603400000|  0%| F|  |TAMS 0x0000000603000000| PB 0x0000000603000000| Untracked 
|   7|0x0000000603400000, 0x0000000603400000, 0x0000000603800000|  0%| F|  |TAMS 0x0000000603400000| PB 0x0000000603400000| Untracked 
|   8|0x0000000603800000, 0x0000000603800000, 0x0000000603c00000|  0%| F|  |TAMS 0x0000000603800000| PB 0x0000000603800000| Untracked 
|   9|0x0000000603c00000, 0x0000000603c00000, 0x0000000604000000|  0%| F|  |TAMS 0x0000000603c00000| PB 0x0000000603c00000| Untracked 
|  10|0x0000000604000000, 0x0000000604000000, 0x0000000604400000|  0%| F|  |TAMS 0x0000000604000000| PB 0x0000000604000000| Untracked 
|  11|0x0000000604400000, 0x0000000604400000, 0x0000000604800000|  0%| F|  |TAMS 0x0000000604400000| PB 0x0000000604400000| Untracked 
|  12|0x0000000604800000, 0x0000000604800000, 0x0000000604c00000|  0%| F|  |TAMS 0x0000000604800000| PB 0x0000000604800000| Untracked 
|  13|0x0000000604c00000, 0x0000000604c00000, 0x0000000605000000|  0%| F|  |TAMS 0x0000000604c00000| PB 0x0000000604c00000| Untracked 
|  14|0x0000000605000000, 0x0000000605000000, 0x0000000605400000|  0%| F|  |TAMS 0x0000000605000000| PB 0x0000000605000000| Untracked 
|  15|0x0000000605400000, 0x0000000605400000, 0x0000000605800000|  0%| F|  |TAMS 0x0000000605400000| PB 0x0000000605400000| Untracked 
|  16|0x0000000605800000, 0x0000000605800000, 0x0000000605c00000|  0%| F|  |TAMS 0x0000000605800000| PB 0x0000000605800000| Untracked 
|  17|0x0000000605c00000, 0x0000000605c00000, 0x0000000606000000|  0%| F|  |TAMS 0x0000000605c00000| PB 0x0000000605c00000| Untracked 
|  18|0x0000000606000000, 0x0000000606000000, 0x0000000606400000|  0%| F|  |TAMS 0x0000000606000000| PB 0x0000000606000000| Untracked 
|  19|0x0000000606400000, 0x0000000606400000, 0x0000000606800000|  0%| F|  |TAMS 0x0000000606400000| PB 0x0000000606400000| Untracked 
|  20|0x0000000606800000, 0x0000000606800000, 0x0000000606c00000|  0%| F|  |TAMS 0x0000000606800000| PB 0x0000000606800000| Untracked 
|  21|0x0000000606c00000, 0x0000000606c00000, 0x0000000607000000|  0%| F|  |TAMS 0x0000000606c00000| PB 0x0000000606c00000| Untracked 
|  22|0x0000000607000000, 0x0000000607000000, 0x0000000607400000|  0%| F|  |TAMS 0x0000000607000000| PB 0x0000000607000000| Untracked 
|  23|0x0000000607400000, 0x0000000607400000, 0x0000000607800000|  0%| F|  |TAMS 0x0000000607400000| PB 0x0000000607400000| Untracked 
|  24|0x0000000607800000, 0x0000000607800000, 0x0000000607c00000|  0%| F|  |TAMS 0x0000000607800000| PB 0x0000000607800000| Untracked 
|  25|0x0000000607c00000, 0x0000000607c00000, 0x0000000608000000|  0%| F|  |TAMS 0x0000000607c00000| PB 0x0000000607c00000| Untracked 
|  26|0x0000000608000000, 0x0000000608000000, 0x0000000608400000|  0%| F|  |TAMS 0x0000000608000000| PB 0x0000000608000000| Untracked 
|  27|0x0000000608400000, 0x0000000608400000, 0x0000000608800000|  0%| F|  |TAMS 0x0000000608400000| PB 0x0000000608400000| Untracked 
|  28|0x0000000608800000, 0x0000000608800000, 0x0000000608c00000|  0%| F|  |TAMS 0x0000000608800000| PB 0x0000000608800000| Untracked 
|  29|0x0000000608c00000, 0x0000000608c00000, 0x0000000609000000|  0%| F|  |TAMS 0x0000000608c00000| PB 0x0000000608c00000| Untracked 
|  30|0x0000000609000000, 0x0000000609000000, 0x0000000609400000|  0%| F|  |TAMS 0x0000000609000000| PB 0x0000000609000000| Untracked 
|  31|0x0000000609400000, 0x0000000609400000, 0x0000000609800000|  0%| F|  |TAMS 0x0000000609400000| PB 0x0000000609400000| Untracked 
|  32|0x0000000609800000, 0x0000000609800000, 0x0000000609c00000|  0%| F|  |TAMS 0x0000000609800000| PB 0x0000000609800000| Untracked 
|  33|0x0000000609c00000, 0x0000000609c00000, 0x000000060a000000|  0%| F|  |TAMS 0x0000000609c00000| PB 0x0000000609c00000| Untracked 
|  34|0x000000060a000000, 0x000000060a000000, 0x000000060a400000|  0%| F|  |TAMS 0x000000060a000000| PB 0x000000060a000000| Untracked 
|  35|0x000000060a400000, 0x000000060a400000, 0x000000060a800000|  0%| F|  |TAMS 0x000000060a400000| PB 0x000000060a400000| Untracked 
|  36|0x000000060a800000, 0x000000060a800000, 0x000000060ac00000|  0%| F|  |TAMS 0x000000060a800000| PB 0x000000060a800000| Untracked 
|  37|0x000000060ac00000, 0x000000060ac00000, 0x000000060b000000|  0%| F|  |TAMS 0x000000060ac00000| PB 0x000000060ac00000| Untracked 
|  38|0x000000060b000000, 0x000000060b000000, 0x000000060b400000|  0%| F|  |TAMS 0x000000060b000000| PB 0x000000060b000000| Untracked 
|  39|0x000000060b400000, 0x000000060b400000, 0x000000060b800000|  0%| F|  |TAMS 0x000000060b400000| PB 0x000000060b400000| Untracked 
|  40|0x000000060b800000, 0x000000060b800000, 0x000000060bc00000|  0%| F|  |TAMS 0x000000060b800000| PB 0x000000060b800000| Untracked 
|  41|0x000000060bc00000, 0x000000060bc00000, 0x000000060c000000|  0%| F|  |TAMS 0x000000060bc00000| PB 0x000000060bc00000| Untracked 
|  42|0x000000060c000000, 0x000000060c000000, 0x000000060c400000|  0%| F|  |TAMS 0x000000060c000000| PB 0x000000060c000000| Untracked 
|  43|0x000000060c400000, 0x000000060c400000, 0x000000060c800000|  0%| F|  |TAMS 0x000000060c400000| PB 0x000000060c400000| Untracked 
|  44|0x000000060c800000, 0x000000060c800000, 0x000000060cc00000|  0%| F|  |TAMS 0x000000060c800000| PB 0x000000060c800000| Untracked 
|  45|0x000000060cc00000, 0x000000060cc00000, 0x000000060d000000|  0%| F|  |TAMS 0x000000060cc00000| PB 0x000000060cc00000| Untracked 
|  46|0x000000060d000000, 0x000000060d000000, 0x000000060d400000|  0%| F|  |TAMS 0x000000060d000000| PB 0x000000060d000000| Untracked 
|  47|0x000000060d400000, 0x000000060d400000, 0x000000060d800000|  0%| F|  |TAMS 0x000000060d400000| PB 0x000000060d400000| Untracked 
|  48|0x000000060d800000, 0x000000060d800000, 0x000000060dc00000|  0%| F|  |TAMS 0x000000060d800000| PB 0x000000060d800000| Untracked 
|  49|0x000000060dc00000, 0x000000060dc00000, 0x000000060e000000|  0%| F|  |TAMS 0x000000060dc00000| PB 0x000000060dc00000| Untracked 
|  50|0x000000060e000000, 0x000000060e000000, 0x000000060e400000|  0%| F|  |TAMS 0x000000060e000000| PB 0x000000060e000000| Untracked 
|  51|0x000000060e400000, 0x000000060e400000, 0x000000060e800000|  0%| F|  |TAMS 0x000000060e400000| PB 0x000000060e400000| Untracked 
|  52|0x000000060e800000, 0x000000060e800000, 0x000000060ec00000|  0%| F|  |TAMS 0x000000060e800000| PB 0x000000060e800000| Untracked 
|  53|0x000000060ec00000, 0x000000060ec00000, 0x000000060f000000|  0%| F|  |TAMS 0x000000060ec00000| PB 0x000000060ec00000| Untracked 
|  54|0x000000060f000000, 0x000000060f000000, 0x000000060f400000|  0%| F|  |TAMS 0x000000060f000000| PB 0x000000060f000000| Untracked 
|  55|0x000000060f400000, 0x000000060f400000, 0x000000060f800000|  0%| F|  |TAMS 0x000000060f400000| PB 0x000000060f400000| Untracked 
|  56|0x000000060f800000, 0x000000060f800000, 0x000000060fc00000|  0%| F|  |TAMS 0x000000060f800000| PB 0x000000060f800000| Untracked 
|  57|0x000000060fc00000, 0x000000060fc00000, 0x0000000610000000|  0%| F|  |TAMS 0x000000060fc00000| PB 0x000000060fc00000| Untracked 
|  58|0x0000000610000000, 0x0000000610000000, 0x0000000610400000|  0%| F|  |TAMS 0x0000000610000000| PB 0x0000000610000000| Untracked 
|  59|0x0000000610400000, 0x0000000610400000, 0x0000000610800000|  0%| F|  |TAMS 0x0000000610400000| PB 0x0000000610400000| Untracked 
|  60|0x0000000610800000, 0x0000000610800000, 0x0000000610c00000|  0%| F|  |TAMS 0x0000000610800000| PB 0x0000000610800000| Untracked 
|  61|0x0000000610c00000, 0x0000000610c00000, 0x0000000611000000|  0%| F|  |TAMS 0x0000000610c00000| PB 0x0000000610c00000| Untracked 
|  62|0x0000000611000000, 0x0000000611000000, 0x0000000611400000|  0%| F|  |TAMS 0x0000000611000000| PB 0x0000000611000000| Untracked 
|  63|0x0000000611400000, 0x0000000611400000, 0x0000000611800000|  0%| F|  |TAMS 0x0000000611400000| PB 0x0000000611400000| Untracked 
|  64|0x0000000611800000, 0x0000000611800000, 0x0000000611c00000|  0%| F|  |TAMS 0x0000000611800000| PB 0x0000000611800000| Untracked 
|  65|0x0000000611c00000, 0x0000000611c00000, 0x0000000612000000|  0%| F|  |TAMS 0x0000000611c00000| PB 0x0000000611c00000| Untracked 
|  66|0x0000000612000000, 0x0000000612000000, 0x0000000612400000|  0%| F|  |TAMS 0x0000000612000000| PB 0x0000000612000000| Untracked 
|  67|0x0000000612400000, 0x0000000612400000, 0x0000000612800000|  0%| F|  |TAMS 0x0000000612400000| PB 0x0000000612400000| Untracked 
|  68|0x0000000612800000, 0x0000000612800000, 0x0000000612c00000|  0%| F|  |TAMS 0x0000000612800000| PB 0x0000000612800000| Untracked 
|  69|0x0000000612c00000, 0x0000000612c00000, 0x0000000613000000|  0%| F|  |TAMS 0x0000000612c00000| PB 0x0000000612c00000| Untracked 
|  70|0x0000000613000000, 0x0000000613000000, 0x0000000613400000|  0%| F|  |TAMS 0x0000000613000000| PB 0x0000000613000000| Untracked 
|  71|0x0000000613400000, 0x0000000613400000, 0x0000000613800000|  0%| F|  |TAMS 0x0000000613400000| PB 0x0000000613400000| Untracked 
|  72|0x0000000613800000, 0x0000000613800000, 0x0000000613c00000|  0%| F|  |TAMS 0x0000000613800000| PB 0x0000000613800000| Untracked 
|  73|0x0000000613c00000, 0x0000000613c00000, 0x0000000614000000|  0%| F|  |TAMS 0x0000000613c00000| PB 0x0000000613c00000| Untracked 
|  74|0x0000000614000000, 0x0000000614000000, 0x0000000614400000|  0%| F|  |TAMS 0x0000000614000000| PB 0x0000000614000000| Untracked 
|  75|0x0000000614400000, 0x0000000614400000, 0x0000000614800000|  0%| F|  |TAMS 0x0000000614400000| PB 0x0000000614400000| Untracked 
|  76|0x0000000614800000, 0x0000000614800000, 0x0000000614c00000|  0%| F|  |TAMS 0x0000000614800000| PB 0x0000000614800000| Untracked 
|  77|0x0000000614c00000, 0x0000000614c00000, 0x0000000615000000|  0%| F|  |TAMS 0x0000000614c00000| PB 0x0000000614c00000| Untracked 
|  78|0x0000000615000000, 0x0000000615000000, 0x0000000615400000|  0%| F|  |TAMS 0x0000000615000000| PB 0x0000000615000000| Untracked 
|  79|0x0000000615400000, 0x0000000615400000, 0x0000000615800000|  0%| F|  |TAMS 0x0000000615400000| PB 0x0000000615400000| Untracked 
|  80|0x0000000615800000, 0x0000000615800000, 0x0000000615c00000|  0%| F|  |TAMS 0x0000000615800000| PB 0x0000000615800000| Untracked 
|  81|0x0000000615c00000, 0x0000000615c00000, 0x0000000616000000|  0%| F|  |TAMS 0x0000000615c00000| PB 0x0000000615c00000| Untracked 
|  82|0x0000000616000000, 0x0000000616000000, 0x0000000616400000|  0%| F|  |TAMS 0x0000000616000000| PB 0x0000000616000000| Untracked 
|  83|0x0000000616400000, 0x0000000616400000, 0x0000000616800000|  0%| F|  |TAMS 0x0000000616400000| PB 0x0000000616400000| Untracked 
|  84|0x0000000616800000, 0x0000000616800000, 0x0000000616c00000|  0%| F|  |TAMS 0x0000000616800000| PB 0x0000000616800000| Untracked 
|  85|0x0000000616c00000, 0x0000000616c00000, 0x0000000617000000|  0%| F|  |TAMS 0x0000000616c00000| PB 0x0000000616c00000| Untracked 
|  86|0x0000000617000000, 0x0000000617000000, 0x0000000617400000|  0%| F|  |TAMS 0x0000000617000000| PB 0x0000000617000000| Untracked 
|  87|0x0000000617400000, 0x0000000617400000, 0x0000000617800000|  0%| F|  |TAMS 0x0000000617400000| PB 0x0000000617400000| Untracked 
|  88|0x0000000617800000, 0x0000000617800000, 0x0000000617c00000|  0%| F|  |TAMS 0x0000000617800000| PB 0x0000000617800000| Untracked 
|  89|0x0000000617c00000, 0x0000000617c00000, 0x0000000618000000|  0%| F|  |TAMS 0x0000000617c00000| PB 0x0000000617c00000| Untracked 
|  90|0x0000000618000000, 0x0000000618000000, 0x0000000618400000|  0%| F|  |TAMS 0x0000000618000000| PB 0x0000000618000000| Untracked 
|  91|0x0000000618400000, 0x0000000618400000, 0x0000000618800000|  0%| F|  |TAMS 0x0000000618400000| PB 0x0000000618400000| Untracked 
|  92|0x0000000618800000, 0x0000000618800000, 0x0000000618c00000|  0%| F|  |TAMS 0x0000000618800000| PB 0x0000000618800000| Untracked 
|  93|0x0000000618c00000, 0x0000000618c00000, 0x0000000619000000|  0%| F|  |TAMS 0x0000000618c00000| PB 0x0000000618c00000| Untracked 
|  94|0x0000000619000000, 0x0000000619000000, 0x0000000619400000|  0%| F|  |TAMS 0x0000000619000000| PB 0x0000000619000000| Untracked 
|  95|0x0000000619400000, 0x0000000619400000, 0x0000000619800000|  0%| F|  |TAMS 0x0000000619400000| PB 0x0000000619400000| Untracked 
|  96|0x0000000619800000, 0x0000000619800000, 0x0000000619c00000|  0%| F|  |TAMS 0x0000000619800000| PB 0x0000000619800000| Untracked 
|  97|0x0000000619c00000, 0x0000000619c00000, 0x000000061a000000|  0%| F|  |TAMS 0x0000000619c00000| PB 0x0000000619c00000| Untracked 
|  98|0x000000061a000000, 0x000000061a000000, 0x000000061a400000|  0%| F|  |TAMS 0x000000061a000000| PB 0x000000061a000000| Untracked 
|  99|0x000000061a400000, 0x000000061a400000, 0x000000061a800000|  0%| F|  |TAMS 0x000000061a400000| PB 0x000000061a400000| Untracked 
| 100|0x000000061a800000, 0x000000061a800000, 0x000000061ac00000|  0%| F|  |TAMS 0x000000061a800000| PB 0x000000061a800000| Untracked 
| 101|0x000000061ac00000, 0x000000061ac00000, 0x000000061b000000|  0%| F|  |TAMS 0x000000061ac00000| PB 0x000000061ac00000| Untracked 
| 102|0x000000061b000000, 0x000000061b000000, 0x000000061b400000|  0%| F|  |TAMS 0x000000061b000000| PB 0x000000061b000000| Untracked 
| 103|0x000000061b400000, 0x000000061b400000, 0x000000061b800000|  0%| F|  |TAMS 0x000000061b400000| PB 0x000000061b400000| Untracked 
| 104|0x000000061b800000, 0x000000061b800000, 0x000000061bc00000|  0%| F|  |TAMS 0x000000061b800000| PB 0x000000061b800000| Untracked 
| 105|0x000000061bc00000, 0x000000061bc00000, 0x000000061c000000|  0%| F|  |TAMS 0x000000061bc00000| PB 0x000000061bc00000| Untracked 
| 106|0x000000061c000000, 0x000000061c000000, 0x000000061c400000|  0%| F|  |TAMS 0x000000061c000000| PB 0x000000061c000000| Untracked 
| 107|0x000000061c400000, 0x000000061c400000, 0x000000061c800000|  0%| F|  |TAMS 0x000000061c400000| PB 0x000000061c400000| Untracked 
| 108|0x000000061c800000, 0x000000061c800000, 0x000000061cc00000|  0%| F|  |TAMS 0x000000061c800000| PB 0x000000061c800000| Untracked 
| 109|0x000000061cc00000, 0x000000061cc00000, 0x000000061d000000|  0%| F|  |TAMS 0x000000061cc00000| PB 0x000000061cc00000| Untracked 
| 110|0x000000061d000000, 0x000000061d000000, 0x000000061d400000|  0%| F|  |TAMS 0x000000061d000000| PB 0x000000061d000000| Untracked 
| 111|0x000000061d400000, 0x000000061d400000, 0x000000061d800000|  0%| F|  |TAMS 0x000000061d400000| PB 0x000000061d400000| Untracked 
| 112|0x000000061d800000, 0x000000061d800000, 0x000000061dc00000|  0%| F|  |TAMS 0x000000061d800000| PB 0x000000061d800000| Untracked 
| 113|0x000000061dc00000, 0x000000061dc00000, 0x000000061e000000|  0%| F|  |TAMS 0x000000061dc00000| PB 0x000000061dc00000| Untracked 
| 114|0x000000061e000000, 0x000000061e000000, 0x000000061e400000|  0%| F|  |TAMS 0x000000061e000000| PB 0x000000061e000000| Untracked 
| 115|0x000000061e400000, 0x000000061e400000, 0x000000061e800000|  0%| F|  |TAMS 0x000000061e400000| PB 0x000000061e400000| Untracked 
| 116|0x000000061e800000, 0x000000061e800000, 0x000000061ec00000|  0%| F|  |TAMS 0x000000061e800000| PB 0x000000061e800000| Untracked 
| 117|0x000000061ec00000, 0x000000061ec00000, 0x000000061f000000|  0%| F|  |TAMS 0x000000061ec00000| PB 0x000000061ec00000| Untracked 
| 118|0x000000061f000000, 0x000000061f000000, 0x000000061f400000|  0%| F|  |TAMS 0x000000061f000000| PB 0x000000061f000000| Untracked 
| 119|0x000000061f400000, 0x000000061f400000, 0x000000061f800000|  0%| F|  |TAMS 0x000000061f400000| PB 0x000000061f400000| Untracked 
| 120|0x000000061f800000, 0x000000061f800000, 0x000000061fc00000|  0%| F|  |TAMS 0x000000061f800000| PB 0x000000061f800000| Untracked 
| 121|0x000000061fc00000, 0x000000061fc00000, 0x0000000620000000|  0%| F|  |TAMS 0x000000061fc00000| PB 0x000000061fc00000| Untracked 
| 122|0x0000000620000000, 0x0000000620000000, 0x0000000620400000|  0%| F|  |TAMS 0x0000000620000000| PB 0x0000000620000000| Untracked 
| 123|0x0000000620400000, 0x0000000620400000, 0x0000000620800000|  0%| F|  |TAMS 0x0000000620400000| PB 0x0000000620400000| Untracked 
| 124|0x0000000620800000, 0x0000000620800000, 0x0000000620c00000|  0%| F|  |TAMS 0x0000000620800000| PB 0x0000000620800000| Untracked 
| 125|0x0000000620c00000, 0x0000000620c00000, 0x0000000621000000|  0%| F|  |TAMS 0x0000000620c00000| PB 0x0000000620c00000| Untracked 
| 126|0x0000000621000000, 0x000000062107c0d0, 0x0000000621400000| 12%| E|  |TAMS 0x0000000621000000| PB 0x0000000621000000| Complete 
| 127|0x0000000621400000, 0x0000000621800000, 0x0000000621800000|100%| E|CS|TAMS 0x0000000621400000| PB 0x0000000621400000| Complete 

Card table byte_map: [0x000001f730620000,0x000001f731620000] _byte_map_base: 0x000001f72d614000

Marking Bits: (CMBitMap*) 0x000001f7177708f0
 Bits: [0x000001f731620000, 0x000001f7395c0000)

Polling page: 0x000001f716e90000

Metaspace:

Usage:
  Non-class:    456.75 KB used.
      Class:     27.08 KB used.
       Both:    483.83 KB used.

Virtual space:
  Non-class space:       64.00 MB reserved,     512.00 KB ( <1%) committed,  1 nodes.
      Class space:        1.00 GB reserved,     128.00 KB ( <1%) committed,  1 nodes.
             Both:        1.06 GB reserved,     640.00 KB ( <1%) committed. 

Chunk freelists:
   Non-Class:  11.98 MB
       Class:  15.74 MB
        Both:  27.72 MB

MaxMetaspaceSize: unlimited
CompressedClassSpaceSize: 1.00 GB
Initial GC threshold: 21.00 MB
Current GC threshold: 21.00 MB
CDS: on
 - commit_granule_bytes: 65536.
 - commit_granule_words: 8192.
 - virtual_space_node_default_size: 8388608.
 - enlarge_chunks_in_place: 1.
 - use_allocation_guard: 0.


Internal statistics:

num_allocs_failed_limit: 0.
num_arena_births: 22.
num_arena_deaths: 0.
num_vsnodes_births: 2.
num_vsnodes_deaths: 0.
num_space_committed: 10.
num_space_uncommitted: 0.
num_chunks_returned_to_freelist: 0.
num_chunks_taken_from_freelist: 23.
num_chunk_merges: 0.
num_chunk_splits: 15.
num_chunks_enlarged: 9.
num_inconsistent_stats: 0.

CodeHeap 'non-profiled nmethods': size=119168Kb used=80Kb max_used=80Kb free=119087Kb
 bounds [0x000001f727940000, 0x000001f727bb0000, 0x000001f72eda0000]
CodeHeap 'profiled nmethods': size=119104Kb used=270Kb max_used=270Kb free=118833Kb
 bounds [0x000001f71fda0000, 0x000001f720010000, 0x000001f7271f0000]
CodeHeap 'non-nmethods': size=7488Kb used=2439Kb max_used=2453Kb free=5049Kb
 bounds [0x000001f7271f0000, 0x000001f727460000, 0x000001f727940000]
 total_blobs=606 nmethods=234 adapters=275
 compilation: enabled
              stopped_count=0, restarted_count=0
 full_count=0

Compilation events (20 events):
Event: 0.075 Thread 0x000001f73c8f5410 nmethod 224 0x000001f71fddec10 code [0x000001f71fddedc0, 0x000001f71fddef68]
Event: 0.075 Thread 0x000001f73c8f5410  225       3       java.lang.String::replace (42 bytes)
Event: 0.075 Thread 0x000001f73c7debe0  226       3       java.lang.StringConcatHelper::newArray (40 bytes)
Event: 0.076 Thread 0x000001f73c7debe0 nmethod 226 0x000001f71fddf010 code [0x000001f71fddf1e0, 0x000001f71fddf530]
Event: 0.076 Thread 0x000001f73c8f3f30 nmethod 222 0x000001f71fddf610 code [0x000001f71fddf8c0, 0x000001f71fde0738]
Event: 0.076 Thread 0x000001f73c7debe0  227       3       jdk.internal.misc.Unsafe::allocateUninitializedArray (55 bytes)
Event: 0.076 Thread 0x000001f73c8f5410 nmethod 225 0x000001f71fde0c90 code [0x000001f71fde0e60, 0x000001f71fde11b8]
Event: 0.076 Thread 0x000001f73c8f3f30  229       3       org.jetbrains.capture.org.objectweb.asm.Type::getInternalName (12 bytes)
Event: 0.076 Thread 0x000001f73c8f3f30 nmethod 229 0x000001f71fde1290 code [0x000001f71fde1460, 0x000001f71fde1688]
Event: 0.076 Thread 0x000001f73c7debe0 nmethod 227 0x000001f71fde1790 code [0x000001f71fde19a0, 0x000001f71fde1e40]
Event: 0.076 Thread 0x000001f73c97af80  230       4       java.lang.StringLatin1::replace (198 bytes)
Event: 0.078 Thread 0x000001f73c8f5410  231       3       java.lang.StringUTF16::getChar (60 bytes)
Event: 0.078 Thread 0x000001f73c8f5410 nmethod 231 0x000001f71fde2010 code [0x000001f71fde21c0, 0x000001f71fde2330]
Event: 0.078 Thread 0x000001f73c8f5410  232       3       java.util.HashSet::contains (9 bytes)
Event: 0.078 Thread 0x000001f73c8f5410 nmethod 232 0x000001f71fde2410 code [0x000001f71fde25c0, 0x000001f71fde2858]
Event: 0.079 Thread 0x000001f73c8f5410  233       3       java.lang.StringBuilder::append (8 bytes)
Event: 0.079 Thread 0x000001f73c7debe0  234       3       java.lang.AbstractStringBuilder::append (77 bytes)
Event: 0.079 Thread 0x000001f73c8f5410 nmethod 233 0x000001f71fde2990 code [0x000001f71fde2b40, 0x000001f71fde2c98]
Event: 0.079 Thread 0x000001f73c7debe0 nmethod 234 0x000001f71fde2d90 code [0x000001f71fde2fa0, 0x000001f71fde3688]
Event: 0.085 Thread 0x000001f73c97af80 nmethod 230 0x000001f727953510 code [0x000001f7279536e0, 0x000001f727953d28]

GC Heap History (0 events):
No events

Dll operation events (4 events):
Event: 0.006 Loaded shared library C:\Program Files\Eclipse Adoptium\jdk-21.0.3.9-hotspot\bin\java.dll
Event: 0.007 Loaded shared library C:\Program Files\Eclipse Adoptium\jdk-21.0.3.9-hotspot\bin\zip.dll
Event: 0.024 Loaded shared library C:\Program Files\Eclipse Adoptium\jdk-21.0.3.9-hotspot\bin\jsvml.dll
Event: 0.070 Loaded shared library C:\Program Files\Eclipse Adoptium\jdk-21.0.3.9-hotspot\bin\instrument.dll

Deoptimization events (0 events):
No events

Classes loaded (20 events):
Event: 0.077 Loading class com/intellij/rt/debugger/agent/CollectionBreakpointInstrumentor$KnownMethod done
Event: 0.077 Loading class com/intellij/rt/debugger/agent/CollectionBreakpointInstrumentor$ImmutableMethod done
Event: 0.077 Loading class com/intellij/rt/debugger/agent/CollectionBreakpointInstrumentor$ReturnsBooleanMethod
Event: 0.077 Loading class com/intellij/rt/debugger/agent/CollectionBreakpointInstrumentor$ReturnsBooleanMethod done
Event: 0.077 Loading class com/intellij/rt/debugger/agent/CollectionBreakpointInstrumentor$PutMethod
Event: 0.077 Loading class com/intellij/rt/debugger/agent/CollectionBreakpointInstrumentor$PutMethod done
Event: 0.077 Loading class com/intellij/rt/debugger/agent/CollectionBreakpointInstrumentor$RemoveKeyMethod
Event: 0.077 Loading class com/intellij/rt/debugger/agent/CollectionBreakpointInstrumentor$RemoveKeyMethod done
Event: 0.077 Loading class com/intellij/rt/debugger/agent/CollectionBreakpointInstrumentor$CollectionBreakpointTransformer
Event: 0.077 Loading class com/intellij/rt/debugger/agent/CollectionBreakpointInstrumentor$CollectionBreakpointTransformer done
Event: 0.077 Loading class jdk/internal/vm/PostVMInitHook
Event: 0.077 Loading class jdk/internal/vm/PostVMInitHook done
Event: 0.078 Loading class Esercizio1
Event: 0.078 Loading class Esercizio1 done
Event: 0.078 Loading class jdk/internal/loader/URLClassPath$FileLoader
Event: 0.078 Loading class jdk/internal/loader/URLClassPath$FileLoader done
Event: 0.078 Loading class sun/nio/cs/UTF_8$Decoder
Event: 0.078 Loading class sun/nio/cs/UTF_8$Decoder done
Event: 0.079 Loading class jdk/internal/loader/URLClassPath$FileLoader$1
Event: 0.079 Loading class jdk/internal/loader/URLClassPath$FileLoader$1 done

Classes unloaded (0 events):
No events

Classes redefined (0 events):
No events

Internal exceptions (2 events):
Event: 0.071 Thread 0x000001f7155310e0 Exception <a 'java/lang/NoSuchMethodError'{0x000000062178dac0}: 'void java.lang.invoke.DirectMethodHandle$Holder.invokeStatic(java.lang.Object, java.lang.Object, java.lang.Object)'> (0x000000062178dac0) 
thrown [s\src\hotspot\share\interpreter\linkResolver.cpp, line 773]
Event: 0.074 Thread 0x000001f7155310e0 Exception <a 'java/lang/NoSuchMethodError'{0x00000006217a4fc8}: 'java.lang.Object java.lang.invoke.Invokers$Holder.invokeExact_MT(java.lang.Object, java.lang.Object, java.lang.Object, java.lang.Object, java.lang.Object)'> (0x00000006217a4fc8) 
thrown [s\src\hotspot\share\interpreter\linkResolver.cpp, line 773]

ZGC Phase Switch (0 events):
No events

VM Operations (16 events):
Event: 0.040 Executing VM operation: HandshakeAllThreads (Deoptimize)
Event: 0.040 Executing VM operation: HandshakeAllThreads (Deoptimize) done
Event: 0.069 Executing VM operation: ChangeBreakpoints
Event: 0.069 Executing VM operation: ChangeBreakpoints done
Event: 0.069 Executing VM operation: ChangeBreakpoints
Event: 0.069 Executing VM operation: ChangeBreakpoints done
Event: 0.081 Executing VM operation: ChangeBreakpoints
Event: 0.081 Executing VM operation: ChangeBreakpoints done
Event: 0.145 Executing VM operation: get/set locals
Event: 0.145 Executing VM operation: get/set locals done
Event: 2.351 Executing VM operation: ChangeBreakpoints
Event: 2.351 Executing VM operation: ChangeBreakpoints done
Event: 3.047 Executing VM operation: ChangeBreakpoints
Event: 3.047 Executing VM operation: ChangeBreakpoints done
Event: 3.918 Executing VM operation: ChangeBreakpoints
Event: 3.918 Executing VM operation: ChangeBreakpoints done

Events (18 events):
Event: 0.015 Thread 0x000001f7155310e0 Thread added: 0x000001f7155310e0
Event: 0.023 Thread 0x000001f73c7a54d0 Thread added: 0x000001f73c7a54d0
Event: 0.023 Thread 0x000001f73c7a6130 Thread added: 0x000001f73c7a6130
Event: 0.023 Thread 0x000001f73c7a87c0 Thread added: 0x000001f73c7a87c0
Event: 0.023 Thread 0x000001f73c7abad0 Thread added: 0x000001f73c7abad0
Event: 0.023 Thread 0x000001f73c7ac530 Thread added: 0x000001f73c7ac530
Event: 0.023 Thread 0x000001f73c7ad0c0 Thread added: 0x000001f73c7ad0c0
Event: 0.023 Thread 0x000001f73c7bded0 Thread added: 0x000001f73c7bded0
Event: 0.024 Thread 0x000001f73c7debe0 Thread added: 0x000001f73c7debe0
Event: 0.036 Thread 0x000001f73c8ef140 Thread added: 0x000001f73c8ef140
Event: 0.040 Thread 0x000001f73c8f3f30 Thread added: 0x000001f73c8f3f30
Event: 0.040 Thread 0x000001f73c8f5410 Thread added: 0x000001f73c8f5410
Event: 0.048 Thread 0x000001f73c97af80 Thread added: 0x000001f73c97af80
Event: 0.050 Thread 0x000001f73c9938a0 Thread added: 0x000001f73c9938a0
Event: 0.051 Thread 0x000001f73c9945f0 Thread added: 0x000001f73c9945f0
Event: 0.051 Thread 0x000001f73c995490 Thread added: 0x000001f73c995490
Event: 0.077 Thread 0x000001f73cb68890 Thread added: 0x000001f73cb68890
Event: 3.918 Thread 0x000001f73c995490 Thread exited: 0x000001f73c995490


Dynamic libraries:
0x00007ff643540000 - 0x00007ff64354e000 	C:\Program Files\Eclipse Adoptium\jdk-21.0.3.9-hotspot\bin\java.exe
0x00007ffee11d0000 - 0x00007ffee13e7000 	C:\WINDOWS\SYSTEM32\ntdll.dll
0x00007ffedfd00000 - 0x00007ffedfdc4000 	C:\WINDOWS\System32\KERNEL32.DLL
0x00007ffede810000 - 0x00007ffedebb7000 	C:\WINDOWS\System32\KERNELBASE.dll
0x00007ffede640000 - 0x00007ffede751000 	C:\WINDOWS\System32\ucrtbase.dll
0x00007ffed9c20000 - 0x00007ffed9c3b000 	C:\Program Files\Eclipse Adoptium\jdk-21.0.3.9-hotspot\bin\VCRUNTIME140.dll
0x00007ffed9bc0000 - 0x00007ffed9bd8000 	C:\Program Files\Eclipse Adoptium\jdk-21.0.3.9-hotspot\bin\jli.dll
0x00007ffee0ea0000 - 0x00007ffee104e000 	C:\WINDOWS\System32\USER32.dll
0x00007ffec9a90000 - 0x00007ffec9d23000 	C:\WINDOWS\WinSxS\amd64_microsoft.windows.common-controls_6595b64144ccf1df_6.0.22621.3527_none_270e469b73872a76\COMCTL32.dll
0x00007ffede4f0000 - 0x00007ffede516000 	C:\WINDOWS\System32\win32u.dll
0x00007ffedf090000 - 0x00007ffedf137000 	C:\WINDOWS\System32\msvcrt.dll
0x00007ffee1080000 - 0x00007ffee10a9000 	C:\WINDOWS\System32\GDI32.dll
0x00007ffede520000 - 0x00007ffede639000 	C:\WINDOWS\System32\gdi32full.dll
0x00007ffedee60000 - 0x00007ffedeefa000 	C:\WINDOWS\System32\msvcp_win.dll
0x00007ffee0890000 - 0x00007ffee08c1000 	C:\WINDOWS\System32\IMM32.DLL
0x00007ffed9c10000 - 0x00007ffed9c1c000 	C:\Program Files\Eclipse Adoptium\jdk-21.0.3.9-hotspot\bin\vcruntime140_1.dll
0x00007ffed9b30000 - 0x00007ffed9bbe000 	C:\Program Files\Eclipse Adoptium\jdk-21.0.3.9-hotspot\bin\msvcp140.dll
0x00007ffea03b0000 - 0x00007ffea1132000 	C:\Program Files\Eclipse Adoptium\jdk-21.0.3.9-hotspot\bin\server\jvm.dll
0x00007ffee00e0000 - 0x00007ffee0192000 	C:\WINDOWS\System32\ADVAPI32.dll
0x00007ffedfdd0000 - 0x00007ffedfe78000 	C:\WINDOWS\System32\sechost.dll
0x00007ffede760000 - 0x00007ffede788000 	C:\WINDOWS\System32\bcrypt.dll
0x00007ffedfe80000 - 0x00007ffedff95000 	C:\WINDOWS\System32\RPCRT4.dll
0x00007ffedf140000 - 0x00007ffedf1b1000 	C:\WINDOWS\System32\WS2_32.dll
0x00007ffedd370000 - 0x00007ffedd3bd000 	C:\WINDOWS\SYSTEM32\POWRPROF.dll
0x00007ffed6580000 - 0x00007ffed65b4000 	C:\WINDOWS\SYSTEM32\WINMM.dll
0x00007ffed62c0000 - 0x00007ffed62ca000 	C:\WINDOWS\SYSTEM32\VERSION.dll
0x00007ffedd350000 - 0x00007ffedd363000 	C:\WINDOWS\SYSTEM32\UMPDC.dll
0x00007ffedd600000 - 0x00007ffedd618000 	C:\WINDOWS\SYSTEM32\kernel.appcore.dll
0x00007ffed9b20000 - 0x00007ffed9b2a000 	C:\Program Files\Eclipse Adoptium\jdk-21.0.3.9-hotspot\bin\jimage.dll
0x00007ffed4750000 - 0x00007ffed4982000 	C:\WINDOWS\SYSTEM32\DBGHELP.DLL
0x00007ffee09b0000 - 0x00007ffee0d38000 	C:\WINDOWS\System32\combase.dll
0x00007ffee08d0000 - 0x00007ffee09a7000 	C:\WINDOWS\System32\OLEAUT32.dll
0x00007ffe9e1c0000 - 0x00007ffe9e1f2000 	C:\WINDOWS\SYSTEM32\dbgcore.DLL
0x00007ffede790000 - 0x00007ffede809000 	C:\WINDOWS\System32\bcryptPrimitives.dll
0x00007ffed8ce0000 - 0x00007ffed8d1c000 	C:\Program Files\Eclipse Adoptium\jdk-21.0.3.9-hotspot\bin\jdwp.dll
0x00007ffed9af0000 - 0x00007ffed9aff000 	C:\Program Files\Eclipse Adoptium\jdk-21.0.3.9-hotspot\bin\instrument.dll
0x00007ffed9b00000 - 0x00007ffed9b1f000 	C:\Program Files\Eclipse Adoptium\jdk-21.0.3.9-hotspot\bin\java.dll
0x00007ffed9690000 - 0x00007ffed96a8000 	C:\Program Files\Eclipse Adoptium\jdk-21.0.3.9-hotspot\bin\zip.dll
0x00007ffedf2e0000 - 0x00007ffedfb3c000 	C:\WINDOWS\System32\SHELL32.dll
0x00007ffedc430000 - 0x00007ffedcd26000 	C:\WINDOWS\SYSTEM32\windows.storage.dll
0x00007ffedc2f0000 - 0x00007ffedc42e000 	C:\WINDOWS\SYSTEM32\wintypes.dll
0x00007ffedf1c0000 - 0x00007ffedf2b5000 	C:\WINDOWS\System32\SHCORE.dll
0x00007ffee10b0000 - 0x00007ffee110e000 	C:\WINDOWS\System32\shlwapi.dll
0x00007ffede420000 - 0x00007ffede441000 	C:\WINDOWS\SYSTEM32\profapi.dll
0x00007ffec8e30000 - 0x00007ffec8f07000 	C:\Program Files\Eclipse Adoptium\jdk-21.0.3.9-hotspot\bin\jsvml.dll
0x00007ffed8cd0000 - 0x00007ffed8cdb000 	C:\Program Files\Eclipse Adoptium\jdk-21.0.3.9-hotspot\bin\dt_socket.dll
0x00007ffedcf90000 - 0x00007ffedcfbd000 	C:\WINDOWS\SYSTEM32\IPHLPAPI.DLL
0x00007ffedda70000 - 0x00007ffeddad9000 	C:\WINDOWS\system32\mswsock.dll

dbghelp: loaded successfully - version: 4.0.5 - missing functions: none
symbol engine: initialized successfully - sym options: 0x614 - pdb path: .;C:\Program Files\Eclipse Adoptium\jdk-21.0.3.9-hotspot\bin;C:\WINDOWS\SYSTEM32;C:\WINDOWS\WinSxS\amd64_microsoft.windows.common-controls_6595b64144ccf1df_6.0.22621.3527_none_270e469b73872a76;C:\Program Files\Eclipse Adoptium\jdk-21.0.3.9-hotspot\bin\server

VM Arguments:
jvm_args: -agentlib:jdwp=transport=dt_socket,address=127.0.0.1:50417,suspend=y,server=n -javaagent:C:\Users\patal\AppData\Local\JetBrains\IdeaIC2024.1\captureAgent\debugger-agent.jar -Dfile.encoding=UTF-8 -Dsun.stdout.encoding=UTF-8 -Dsun.stderr.encoding=UTF-8 
java_command: Esercizio1
java_class_path (initial): C:\Users\patal\OneDrive\Desktop\Java Model\U4W2D1\out\production\U4W2D1;C:\Users\patal\OneDrive\Desktop\certificati\IntelliJ IDEA Community Edition 2024.1.1\lib\idea_rt.jar
Launcher Type: SUN_STANDARD

[Global flags]
     intx CICompilerCount                          = 12                                        {product} {ergonomic}
     uint ConcGCThreads                            = 3                                         {product} {ergonomic}
     uint G1ConcRefinementThreads                  = 13                                        {product} {ergonomic}
   size_t G1HeapRegionSize                         = 4194304                                   {product} {ergonomic}
    uintx GCDrainStackTargetSize                   = 64                                        {product} {ergonomic}
   size_t InitialHeapSize                          = 536870912                                 {product} {ergonomic}
   size_t MarkStackSize                            = 4194304                                   {product} {ergonomic}
   size_t MaxHeapSize                              = 8564768768                                {product} {ergonomic}
   size_t MaxNewSize                               = 5138022400                                {product} {ergonomic}
   size_t MinHeapDeltaBytes                        = 4194304                                   {product} {ergonomic}
   size_t MinHeapSize                              = 8388608                                   {product} {ergonomic}
    uintx NonNMethodCodeHeapSize                   = 7602480                                {pd product} {ergonomic}
    uintx NonProfiledCodeHeapSize                  = 122027880                              {pd product} {ergonomic}
    uintx ProfiledCodeHeapSize                     = 122027880                              {pd product} {ergonomic}
    uintx ReservedCodeCacheSize                    = 251658240                              {pd product} {ergonomic}
     bool SegmentedCodeCache                       = true                                      {product} {ergonomic}
   size_t SoftMaxHeapSize                          = 8564768768                             {manageable} {ergonomic}
     bool UseCompressedOops                        = true                           {product lp64_product} {ergonomic}
     bool UseG1GC                                  = true                                      {product} {ergonomic}
     bool UseLargePagesIndividualAllocation        = false                                  {pd product} {ergonomic}

Logging:
Log output configuration:
 #0: stdout all=warning uptime,level,tags foldmultilines=false
 #1: stderr all=off uptime,level,tags foldmultilines=false

Environment Variables:
JAVA_HOME=C:\Program Files\Eclipse Adoptium\jdk-21.0.3.9-hotspot\
PATH=C:\Program Files\Eclipse Adoptium\jdk-21.0.3.9-hotspot\bin;C:\WINDOWS\system32;C:\WINDOWS;C:\WINDOWS\System32\Wbem;C:\WINDOWS\System32\WindowsPowerShell\v1.0\;C:\WINDOWS\System32\OpenSSH\;C:\Program Files (x86)\NVIDIA Corporation\PhysX\Common;C:\Program Files\NVIDIA Corporation\NVIDIA NvDLISR;C:\Program Files\Git\cmd;C:\Program Files\nodejs\;C:\Users\patal\AppData\Local\Microsoft\WindowsApps;C:\Users\patal\AppData\Local\Programs\Microsoft VS Code\bin;C:\Users\patal\AppData\Local\GitHubDesktop\bin;C:\Users\patal\AppData\Roaming\npm;C:\Users\patal\OneDrive\Desktop\certificati\IntelliJ IDEA Community Edition 2024.1.1\bin;
USERNAME=patal
OS=Windows_NT
PROCESSOR_IDENTIFIER=AMD64 Family 25 Model 33 Stepping 2, AuthenticAMD
TMP=C:\Users\patal\AppData\Local\Temp
TEMP=C:\Users\patal\AppData\Local\Temp




Periodic native trim disabled

---------------  S Y S T E M  ---------------

OS:
 Windows 11 , 64 bit Build 22621 (10.0.22621.3527)
OS uptime: 0 days 0:18 hours

CPU: total 16 (initial active 16) (16 cores per cpu, 2 threads per core) family 25 model 33 stepping 2 microcode 0x0, cx8, cmov, fxsr, ht, mmx, 3dnowpref, sse, sse2, sse3, ssse3, sse4a, sse4.1, sse4.2, popcnt, lzcnt, tsc, tscinvbit, avx, avx2, aes, erms, clmul, bmi1, bmi2, adx, sha, fma, vzeroupper, clflush, clflushopt, rdtscp, rdpid, fsrm, f16c, pku, cet_ss
Processor Information for all 16 processors :
  Max Mhz: 3401, Current Mhz: 3401, Mhz Limit: 3401

Memory: 4k page, system-wide physical 32671M (23478M free)
TotalPageFile size 34719M (AvailPageFile size 24356M)
current process WorkingSet (physical memory assigned to process): 41M, peak: 41M
current process commit charge ("private bytes"): 614M, peak: 614M

vm_info: OpenJDK 64-Bit Server VM (21.0.3+9-LTS) for windows-amd64 JRE (21.0.3+9-LTS), built on 2024-04-16T00:00:00Z by "admin" with MS VC++ 17.7 (VS2022)

END.
